# JRE version: OpenJDK Runtime Environment (8.0_112-b06) (build 1.8.0_112-release-b06)
# Java VM: OpenJDK 64-Bit Server VM (25.112-b06 mixed mode windows-amd64 compressed oops)
Heap:
 PSYoungGen      total 74240K, used 45802K [0x00000000e0000000, 0x00000000e5480000, 0x0000000100000000)
  eden space 64000K, 56% used [0x00000000e0000000,0x00000000e23212b8,0x00000000e3e80000)
  from space 10240K, 95% used [0x00000000e4a00000,0x00000000e5399830,0x00000000e5400000)
  to   space 11264K, 0% used [0x00000000e3e80000,0x00000000e3e80000,0x00000000e4980000)
 ParOldGen       total 66048K, used 9181K [0x00000000a0000000, 0x00000000a4080000, 0x00000000e0000000)
  object space 66048K, 13% used [0x00000000a0000000,0x00000000a08f7748,0x00000000a4080000)
 Metaspace       used 34290K, capacity 34846K, committed 35200K, reserved 1079296K
  class space    used 4567K, capacity 4717K, committed 4736K, reserved 1048576K
GC Heap History (10 events):
Event: 2.223 GC heap before
{Heap before GC invocations=5 (full 1):
 PSYoungGen      total 38400K, used 5099K [0x00000000e0000000, 0x00000000e4b00000, 0x0000000100000000)
  eden space 33280K, 0% used [0x00000000e0000000,0x00000000e0000000,0x00000000e2080000)
  from space 5120K, 99% used [0x00000000e2580000,0x00000000e2a7afe0,0x00000000e2a80000)
  to   space 5120K, 0% used [0x00000000e2080000,0x00000000e2080000,0x00000000e2580000)
 ParOldGen       total 87552K, used 8093K [0x00000000a0000000, 0x00000000a5580000, 0x00000000e0000000)
  object space 87552K, 9% used [0x00000000a0000000,0x00000000a07e7508,0x00000000a5580000)
 Metaspace       used 20800K, capacity 21088K, committed 21296K, reserved 1067008K
  class space    used 2754K, capacity 2865K, committed 2944K, reserved 1048576K
Event: 2.253 GC heap after
Heap after GC invocations=5 (full 1):
 PSYoungGen      total 38400K, used 0K [0x00000000e0000000, 0x00000000e4b00000, 0x0000000100000000)
  eden space 33280K, 0% used [0x00000000e0000000,0x00000000e0000000,0x00000000e2080000)
  from space 5120K, 0% used [0x00000000e2580000,0x00000000e2580000,0x00000000e2a80000)
  to   space 5120K, 0% used [0x00000000e2080000,0x00000000e2080000,0x00000000e2580000)
 ParOldGen       total 66048K, used 9085K [0x00000000a0000000, 0x00000000a4080000, 0x00000000e0000000)
  object space 66048K, 13% used [0x00000000a0000000,0x00000000a08df738,0x00000000a4080000)
 Metaspace       used 20800K, capacity 21088K, committed 21296K, reserved 1067008K
  class space    used 2754K, capacity 2865K, committed 2944K, reserved 1048576K
}
Event: 2.839 GC heap before
{Heap before GC invocations=6 (full 1):
 PSYoungGen      total 38400K, used 33280K [0x00000000e0000000, 0x00000000e4b00000, 0x0000000100000000)
  eden space 33280K, 100% used [0x00000000e0000000,0x00000000e2080000,0x00000000e2080000)
  from space 5120K, 0% used [0x00000000e2580000,0x00000000e2580000,0x00000000e2a80000)
  to   space 5120K, 0% used [0x00000000e2080000,0x00000000e2080000,0x00000000e2580000)
 ParOldGen       total 66048K, used 9085K [0x00000000a0000000, 0x00000000a4080000, 0x00000000e0000000)
  object space 66048K, 13% used [0x00000000a0000000,0x00000000a08df738,0x00000000a4080000)
 Metaspace       used 23864K, capacity 24190K, committed 24320K, reserved 1071104K
  class space    used 3199K, capacity 3294K, committed 3328K, reserved 1048576K
Event: 2.843 GC heap after
Heap after GC invocations=6 (full 1):
 PSYoungGen      total 38400K, used 4761K [0x00000000e0000000, 0x00000000e4380000, 0x0000000100000000)
  eden space 33280K, 0% used [0x00000000e0000000,0x00000000e0000000,0x00000000e2080000)
  from space 5120K, 93% used [0x00000000e2080000,0x00000000e2526668,0x00000000e2580000)
  to   space 10752K, 0% used [0x00000000e3900000,0x00000000e3900000,0x00000000e4380000)
 ParOldGen       total 66048K, used 9093K [0x00000000a0000000, 0x00000000a4080000, 0x00000000e0000000)
  object space 66048K, 13% used [0x00000000a0000000,0x00000000a08e1738,0x00000000a4080000)
 Metaspace       used 23864K, capacity 24190K, committed 24320K, reserved 1071104K
  class space    used 3199K, capacity 3294K, committed 3328K, reserved 1048576K
}
Event: 3.232 GC heap before
{Heap before GC invocations=7 (full 1):
 PSYoungGen      total 38400K, used 38041K [0x00000000e0000000, 0x00000000e4380000, 0x0000000100000000)
  eden space 33280K, 100% used [0x00000000e0000000,0x00000000e2080000,0x00000000e2080000)
  from space 5120K, 93% used [0x00000000e2080000,0x00000000e2526668,0x00000000e2580000)
  to   space 10752K, 0% used [0x00000000e3900000,0x00000000e3900000,0x00000000e4380000)
 ParOldGen       total 66048K, used 9093K [0x00000000a0000000, 0x00000000a4080000, 0x00000000e0000000)
  object space 66048K, 13% used [0x00000000a0000000,0x00000000a08e1738,0x00000000a4080000)
 Metaspace       used 26017K, capacity 26420K, committed 26752K, reserved 1073152K
  class space    used 3588K, capacity 3693K, committed 3712K, reserved 1048576K
Event: 3.236 GC heap after
Heap after GC invocations=7 (full 1):
 PSYoungGen      total 57344K, used 5242K [0x00000000e0000000, 0x00000000e4280000, 0x0000000100000000)
  eden space 47616K, 0% used [0x00000000e0000000,0x00000000e0000000,0x00000000e2e80000)
  from space 9728K, 53% used [0x00000000e3900000,0x00000000e3e1eab8,0x00000000e4280000)
  to   space 10240K, 0% used [0x00000000e2e80000,0x00000000e2e80000,0x00000000e3880000)
 ParOldGen       total 66048K, used 9101K [0x00000000a0000000, 0x00000000a4080000, 0x00000000e0000000)
  object space 66048K, 13% used [0x00000000a0000000,0x00000000a08e3738,0x00000000a4080000)
 Metaspace       used 26017K, capacity 26420K, committed 26752K, reserved 1073152K
  class space    used 3588K, capacity 3693K, committed 3712K, reserved 1048576K
}
Event: 4.460 GC heap before
{Heap before GC invocations=8 (full 1):
 PSYoungGen      total 57344K, used 52858K [0x00000000e0000000, 0x00000000e4280000, 0x0000000100000000)
  eden space 47616K, 100% used [0x00000000e0000000,0x00000000e2e80000,0x00000000e2e80000)
  from space 9728K, 53% used [0x00000000e3900000,0x00000000e3e1eab8,0x00000000e4280000)
  to   space 10240K, 0% used [0x00000000e2e80000,0x00000000e2e80000,0x00000000e3880000)
 ParOldGen       total 66048K, used 9101K [0x00000000a0000000, 0x00000000a4080000, 0x00000000e0000000)
  object space 66048K, 13% used [0x00000000a0000000,0x00000000a08e3738,0x00000000a4080000)
 Metaspace       used 28801K, capacity 29268K, committed 29440K, reserved 1075200K
  class space    used 3902K, capacity 4045K, committed 4096K, reserved 1048576K
Event: 4.464 GC heap after
Heap after GC invocations=8 (full 1):
 PSYoungGen      total 57856K, used 5420K [0x00000000e0000000, 0x00000000e5400000, 0x0000000100000000)
  eden space 47616K, 0% used [0x00000000e0000000,0x00000000e0000000,0x00000000e2e80000)
  from space 10240K, 52% used [0x00000000e2e80000,0x00000000e33cb3d0,0x00000000e3880000)
  to   space 10240K, 0% used [0x00000000e4a00000,0x00000000e4a00000,0x00000000e5400000)
 ParOldGen       total 66048K, used 9173K [0x00000000a0000000, 0x00000000a4080000, 0x00000000e0000000)
  object space 66048K, 13% used [0x00000000a0000000,0x00000000a08f5748,0x00000000a4080000)
 Metaspace       used 28801K, capacity 29268K, committed 29440K, reserved 1075200K
  class space    used 3902K, capacity 4045K, committed 4096K, reserved 1048576K
}
Event: 6.833 GC heap before
{Heap before GC invocations=9 (full 1):
 PSYoungGen      total 57856K, used 53036K [0x00000000e0000000, 0x00000000e5400000, 0x0000000100000000)
  eden space 47616K, 100% used [0x00000000e0000000,0x00000000e2e80000,0x00000000e2e80000)
  from space 10240K, 52% used [0x00000000e2e80000,0x00000000e33cb3d0,0x00000000e3880000)
  to   space 10240K, 0% used [0x00000000e4a00000,0x00000000e4a00000,0x00000000e5400000)
 ParOldGen       total 66048K, used 9173K [0x00000000a0000000, 0x00000000a4080000, 0x00000000e0000000)
  object space 66048K, 13% used [0x00000000a0000000,0x00000000a08f5748,0x00000000a4080000)
 Metaspace       used 33428K, capacity 33908K, committed 34176K, reserved 1079296K
  class space    used 4474K, capacity 4616K, committed 4736K, reserved 1048576K
Event: 6.842 GC heap after
Heap after GC invocations=9 (full 1):
 PSYoungGen      total 74240K, used 9830K [0x00000000e0000000, 0x00000000e5480000, 0x0000000100000000)
  eden space 64000K, 0% used [0x00000000e0000000,0x00000000e0000000,0x00000000e3e80000)
  from space 10240K, 95% used [0x00000000e4a00000,0x00000000e5399830,0x00000000e5400000)
  to   space 11264K, 0% used [0x00000000e3e80000,0x00000000e3e80000,0x00000000e4980000)
 ParOldGen       total 66048K, used 9181K [0x00000000a0000000, 0x00000000a4080000, 0x00000000e0000000)
  object space 66048K, 13% used [0x00000000a0000000,0x00000000a08f7748,0x00000000a4080000)
 Metaspace       used 33428K, capacity 33908K, committed 34176K, reserved 1079296K
  class space    used 4474K, capacity 4616K, committed 4736K, reserved 1048576K
}

