# JRE version: OpenJDK Runtime Environment (8.0_112-b06) (build 1.8.0_112-release-b06)
# Java VM: OpenJDK 64-Bit Server VM (25.112-b06 mixed mode windows-amd64 compressed oops)
Heap:
 PSYoungGen      total 147456K, used 48973K [0x00000000e0000000, 0x00000000ea980000, 0x0000000100000000)
  eden space 121344K, 30% used [0x00000000e0000000,0x00000000e248eda0,0x00000000e7680000)
  from space 26112K, 44% used [0x00000000e7680000,0x00000000e81c4930,0x00000000e9000000)
  to   space 25600K, 0% used [0x00000000e9080000,0x00000000e9080000,0x00000000ea980000)
 ParOldGen       total 131584K, used 77430K [0x00000000a0000000, 0x00000000a8080000, 0x00000000e0000000)
  object space 131584K, 58% used [0x00000000a0000000,0x00000000a4b9dae0,0x00000000a8080000)
 Metaspace       used 70320K, capacity 73418K, committed 73688K, reserved 1114112K
  class space    used 9125K, capacity 9724K, committed 9728K, reserved 1048576K
GC Heap History (10 events):
Event: 1070.221 GC heap before
{Heap before GC invocations=37 (full 4):
 PSYoungGen      total 104960K, used 95439K [0x00000000e0000000, 0x00000000e8480000, 0x0000000100000000)
  eden space 78336K, 100% used [0x00000000e0000000,0x00000000e4c80000,0x00000000e4c80000)
  from space 26624K, 64% used [0x00000000e6780000,0x00000000e7833e90,0x00000000e8180000)
  to   space 27648K, 0% used [0x00000000e4c80000,0x00000000e4c80000,0x00000000e6780000)
 ParOldGen       total 131584K, used 66223K [0x00000000a0000000, 0x00000000a8080000, 0x00000000e0000000)
  object space 131584K, 50% used [0x00000000a0000000,0x00000000a40abfb8,0x00000000a8080000)
 Metaspace       used 69576K, capacity 72532K, committed 72664K, reserved 1112064K
  class space    used 9064K, capacity 9623K, committed 9728K, reserved 1048576K
Event: 1070.225 GC heap after
Heap after GC invocations=37 (full 4):
 PSYoungGen      total 105984K, used 224K [0x00000000e0000000, 0x00000000e9500000, 0x0000000100000000)
  eden space 78336K, 0% used [0x00000000e0000000,0x00000000e0000000,0x00000000e4c80000)
  from space 27648K, 0% used [0x00000000e4c80000,0x00000000e4cb8000,0x00000000e6780000)
  to   space 27648K, 0% used [0x00000000e7a00000,0x00000000e7a00000,0x00000000e9500000)
 ParOldGen       total 131584K, used 77254K [0x00000000a0000000, 0x00000000a8080000, 0x00000000e0000000)
  object space 131584K, 58% used [0x00000000a0000000,0x00000000a4b71ae0,0x00000000a8080000)
 Metaspace       used 69576K, capacity 72532K, committed 72664K, reserved 1112064K
  class space    used 9064K, capacity 9623K, committed 9728K, reserved 1048576K
}
Event: 1070.241 GC heap before
{Heap before GC invocations=38 (full 4):
 PSYoungGen      total 105984K, used 78266K [0x00000000e0000000, 0x00000000e9500000, 0x0000000100000000)
  eden space 78336K, 99% used [0x00000000e0000000,0x00000000e4c369f0,0x00000000e4c80000)
  from space 27648K, 0% used [0x00000000e4c80000,0x00000000e4cb8000,0x00000000e6780000)
  to   space 27648K, 0% used [0x00000000e7a00000,0x00000000e7a00000,0x00000000e9500000)
 ParOldGen       total 131584K, used 77254K [0x00000000a0000000, 0x00000000a8080000, 0x00000000e0000000)
  object space 131584K, 58% used [0x00000000a0000000,0x00000000a4b71ae0,0x00000000a8080000)
 Metaspace       used 69578K, capacity 72532K, committed 72664K, reserved 1112064K
  class space    used 9064K, capacity 9623K, committed 9728K, reserved 1048576K
Event: 1070.245 GC heap after
Heap after GC invocations=38 (full 4):
 PSYoungGen      total 124928K, used 192K [0x00000000e0000000, 0x00000000e9480000, 0x0000000100000000)
  eden space 97792K, 0% used [0x00000000e0000000,0x00000000e0000000,0x00000000e5f80000)
  from space 27136K, 0% used [0x00000000e7a00000,0x00000000e7a30000,0x00000000e9480000)
  to   space 27136K, 0% used [0x00000000e5f80000,0x00000000e5f80000,0x00000000e7a00000)
 ParOldGen       total 131584K, used 77294K [0x00000000a0000000, 0x00000000a8080000, 0x00000000e0000000)
  object space 131584K, 58% used [0x00000000a0000000,0x00000000a4b7bae0,0x00000000a8080000)
 Metaspace       used 69578K, capacity 72532K, committed 72664K, reserved 1112064K
  class space    used 9064K, capacity 9623K, committed 9728K, reserved 1048576K
}
Event: 1070.265 GC heap before
{Heap before GC invocations=39 (full 4):
 PSYoungGen      total 124928K, used 97115K [0x00000000e0000000, 0x00000000e9480000, 0x0000000100000000)
  eden space 97792K, 99% used [0x00000000e0000000,0x00000000e5ea6d78,0x00000000e5f80000)
  from space 27136K, 0% used [0x00000000e7a00000,0x00000000e7a30000,0x00000000e9480000)
  to   space 27136K, 0% used [0x00000000e5f80000,0x00000000e5f80000,0x00000000e7a00000)
 ParOldGen       total 131584K, used 77294K [0x00000000a0000000, 0x00000000a8080000, 0x00000000e0000000)
  object space 131584K, 58% used [0x00000000a0000000,0x00000000a4b7bae0,0x00000000a8080000)
 Metaspace       used 69580K, capacity 72532K, committed 72664K, reserved 1112064K
  class space    used 9064K, capacity 9623K, committed 9728K, reserved 1048576K
Event: 1070.268 GC heap after
Heap after GC invocations=39 (full 4):
 PSYoungGen      total 124928K, used 192K [0x00000000e0000000, 0x00000000eaa80000, 0x0000000100000000)
  eden space 97792K, 0% used [0x00000000e0000000,0x00000000e0000000,0x00000000e5f80000)
  from space 27136K, 0% used [0x00000000e5f80000,0x00000000e5fb0000,0x00000000e7a00000)
  to   space 26624K, 0% used [0x00000000e9080000,0x00000000e9080000,0x00000000eaa80000)
 ParOldGen       total 131584K, used 77334K [0x00000000a0000000, 0x00000000a8080000, 0x00000000e0000000)
  object space 131584K, 58% used [0x00000000a0000000,0x00000000a4b85ae0,0x00000000a8080000)
 Metaspace       used 69580K, capacity 72532K, committed 72664K, reserved 1112064K
  class space    used 9064K, capacity 9623K, committed 9728K, reserved 1048576K
}
Event: 1070.294 GC heap before
{Heap before GC invocations=40 (full 4):
 PSYoungGen      total 124928K, used 97205K [0x00000000e0000000, 0x00000000eaa80000, 0x0000000100000000)
  eden space 97792K, 99% used [0x00000000e0000000,0x00000000e5ebd418,0x00000000e5f80000)
  from space 27136K, 0% used [0x00000000e5f80000,0x00000000e5fb0000,0x00000000e7a00000)
  to   space 26624K, 0% used [0x00000000e9080000,0x00000000e9080000,0x00000000eaa80000)
 ParOldGen       total 131584K, used 77334K [0x00000000a0000000, 0x00000000a8080000, 0x00000000e0000000)
  object space 131584K, 58% used [0x00000000a0000000,0x00000000a4b85ae0,0x00000000a8080000)
 Metaspace       used 69584K, capacity 72532K, committed 72664K, reserved 1112064K
  class space    used 9064K, capacity 9623K, committed 9728K, reserved 1048576K
Event: 1070.298 GC heap after
Heap after GC invocations=40 (full 4):
 PSYoungGen      total 146944K, used 224K [0x00000000e0000000, 0x00000000ea980000, 0x0000000100000000)
  eden space 121344K, 0% used [0x00000000e0000000,0x00000000e0000000,0x00000000e7680000)
  from space 25600K, 0% used [0x00000000e9080000,0x00000000e90b8000,0x00000000ea980000)
  to   space 26112K, 0% used [0x00000000e7680000,0x00000000e7680000,0x00000000e9000000)
 ParOldGen       total 131584K, used 77382K [0x00000000a0000000, 0x00000000a8080000, 0x00000000e0000000)
  object space 131584K, 58% used [0x00000000a0000000,0x00000000a4b91ae0,0x00000000a8080000)
 Metaspace       used 69584K, capacity 72532K, committed 72664K, reserved 1112064K
  class space    used 9064K, capacity 9623K, committed 9728K, reserved 1048576K
}
Event: 1223.691 GC heap before
{Heap before GC invocations=41 (full 4):
 PSYoungGen      total 146944K, used 121568K [0x00000000e0000000, 0x00000000ea980000, 0x0000000100000000)
  eden space 121344K, 100% used [0x00000000e0000000,0x00000000e7680000,0x00000000e7680000)
  from space 25600K, 0% used [0x00000000e9080000,0x00000000e90b8000,0x00000000ea980000)
  to   space 26112K, 0% used [0x00000000e7680000,0x00000000e7680000,0x00000000e9000000)
 ParOldGen       total 131584K, used 77382K [0x00000000a0000000, 0x00000000a8080000, 0x00000000e0000000)
  object space 131584K, 58% used [0x00000000a0000000,0x00000000a4b91ae0,0x00000000a8080000)
 Metaspace       used 70071K, capacity 73068K, committed 73176K, reserved 1112064K
  class space    used 9122K, capacity 9719K, committed 9728K, reserved 1048576K
Event: 1223.700 GC heap after
Heap after GC invocations=41 (full 4):
 PSYoungGen      total 147456K, used 11538K [0x00000000e0000000, 0x00000000ea980000, 0x0000000100000000)
  eden space 121344K, 0% used [0x00000000e0000000,0x00000000e0000000,0x00000000e7680000)
  from space 26112K, 44% used [0x00000000e7680000,0x00000000e81c4930,0x00000000e9000000)
  to   space 25600K, 0% used [0x00000000e9080000,0x00000000e9080000,0x00000000ea980000)
 ParOldGen       total 131584K, used 77430K [0x00000000a0000000, 0x00000000a8080000, 0x00000000e0000000)
  object space 131584K, 58% used [0x00000000a0000000,0x00000000a4b9dae0,0x00000000a8080000)
 Metaspace       used 70071K, capacity 73068K, committed 73176K, reserved 1112064K
  class space    used 9122K, capacity 9719K, committed 9728K, reserved 1048576K
}

