# JRE version: OpenJDK Runtime Environment (8.0_112-b06) (build 1.8.0_112-release-b06)
# Java VM: OpenJDK 64-Bit Server VM (25.112-b06 mixed mode windows-amd64 compressed oops)
Heap:
 PSYoungGen      total 149504K, used 108368K [0x00000000e0000000, 0x00000000ec000000, 0x0000000100000000)
  eden space 138752K, 70% used [0x00000000e0000000,0x00000000e5f7c218,0x00000000e8780000)
  from space 10752K, 98% used [0x00000000eb580000,0x00000000ebfd8020,0x00000000ec000000)
  to   space 25088K, 0% used [0x00000000e8f00000,0x00000000e8f00000,0x00000000ea780000)
 ParOldGen       total 161792K, used 43087K [0x00000000a0000000, 0x00000000a9e00000, 0x00000000e0000000)
  object space 161792K, 26% used [0x00000000a0000000,0x00000000a2a13f28,0x00000000a9e00000)
 Metaspace       used 61281K, capacity 64186K, committed 64256K, reserved 1105920K
  class space    used 8076K, capacity 8650K, committed 8704K, reserved 1048576K
GC Heap History (10 events):
Event: 11.995 GC heap before
{Heap before GC invocations=17 (full 2):
 PSYoungGen      total 136192K, used 65803K [0x00000000e0000000, 0x00000000ea880000, 0x0000000100000000)
  eden space 116736K, 39% used [0x00000000e0000000,0x00000000e2d46c18,0x00000000e7200000)
  from space 19456K, 99% used [0x00000000e8a80000,0x00000000e9d7c228,0x00000000e9d80000)
  to   space 25088K, 0% used [0x00000000e7200000,0x00000000e7200000,0x00000000e8a80000)
 ParOldGen       total 102912K, used 32047K [0x00000000a0000000, 0x00000000a6480000, 0x00000000e0000000)
  object space 102912K, 31% used [0x00000000a0000000,0x00000000a1f4bfe0,0x00000000a6480000)
 Metaspace       used 56857K, capacity 59134K, committed 59160K, reserved 1099776K
  class space    used 7608K, capacity 8062K, committed 8064K, reserved 1048576K
Event: 12.017 GC heap after
Heap after GC invocations=17 (full 2):
 PSYoungGen      total 141824K, used 22640K [0x00000000e0000000, 0x00000000ecb00000, 0x0000000100000000)
  eden space 116736K, 0% used [0x00000000e0000000,0x00000000e0000000,0x00000000e7200000)
  from space 25088K, 90% used [0x00000000e7200000,0x00000000e881c228,0x00000000e8a80000)
  to   space 28160K, 0% used [0x00000000eaf80000,0x00000000eaf80000,0x00000000ecb00000)
 ParOldGen       total 102912K, used 32055K [0x00000000a0000000, 0x00000000a6480000, 0x00000000e0000000)
  object space 102912K, 31% used [0x00000000a0000000,0x00000000a1f4dfe0,0x00000000a6480000)
 Metaspace       used 56857K, capacity 59134K, committed 59160K, reserved 1099776K
  class space    used 7608K, capacity 8062K, committed 8064K, reserved 1048576K
}
Event: 12.017 GC heap before
{Heap before GC invocations=18 (full 3):
 PSYoungGen      total 141824K, used 22640K [0x00000000e0000000, 0x00000000ecb00000, 0x0000000100000000)
  eden space 116736K, 0% used [0x00000000e0000000,0x00000000e0000000,0x00000000e7200000)
  from space 25088K, 90% used [0x00000000e7200000,0x00000000e881c228,0x00000000e8a80000)
  to   space 28160K, 0% used [0x00000000eaf80000,0x00000000eaf80000,0x00000000ecb00000)
 ParOldGen       total 102912K, used 32055K [0x00000000a0000000, 0x00000000a6480000, 0x00000000e0000000)
  object space 102912K, 31% used [0x00000000a0000000,0x00000000a1f4dfe0,0x00000000a6480000)
 Metaspace       used 56857K, capacity 59134K, committed 59160K, reserved 1099776K
  class space    used 7608K, capacity 8062K, committed 8064K, reserved 1048576K
Event: 12.252 GC heap after
Heap after GC invocations=18 (full 3):
 PSYoungGen      total 141824K, used 0K [0x00000000e0000000, 0x00000000ecb00000, 0x0000000100000000)
  eden space 116736K, 0% used [0x00000000e0000000,0x00000000e0000000,0x00000000e7200000)
  from space 25088K, 0% used [0x00000000e7200000,0x00000000e7200000,0x00000000e8a80000)
  to   space 28160K, 0% used [0x00000000eaf80000,0x00000000eaf80000,0x00000000ecb00000)
 ParOldGen       total 161792K, used 43063K [0x00000000a0000000, 0x00000000a9e00000, 0x00000000e0000000)
  object space 161792K, 26% used [0x00000000a0000000,0x00000000a2a0df28,0x00000000a9e00000)
 Metaspace       used 56857K, capacity 59134K, committed 59160K, reserved 1099776K
  class space    used 7608K, capacity 8062K, committed 8064K, reserved 1048576K
}
Event: 744.463 GC heap before
{Heap before GC invocations=19 (full 3):
 PSYoungGen      total 141824K, used 116736K [0x00000000e0000000, 0x00000000ecb00000, 0x0000000100000000)
  eden space 116736K, 100% used [0x00000000e0000000,0x00000000e7200000,0x00000000e7200000)
  from space 25088K, 0% used [0x00000000e7200000,0x00000000e7200000,0x00000000e8a80000)
  to   space 28160K, 0% used [0x00000000eaf80000,0x00000000eaf80000,0x00000000ecb00000)
 ParOldGen       total 161792K, used 43063K [0x00000000a0000000, 0x00000000a9e00000, 0x00000000e0000000)
  object space 161792K, 26% used [0x00000000a0000000,0x00000000a2a0df28,0x00000000a9e00000)
 Metaspace       used 59437K, capacity 61926K, committed 61952K, reserved 1103872K
  class space    used 7923K, capacity 8440K, committed 8448K, reserved 1048576K
Event: 744.470 GC heap after
Heap after GC invocations=19 (full 3):
 PSYoungGen      total 159232K, used 7056K [0x00000000e0000000, 0x00000000ec000000, 0x0000000100000000)
  eden space 142336K, 0% used [0x00000000e0000000,0x00000000e0000000,0x00000000e8b00000)
  from space 16896K, 41% used [0x00000000eaf80000,0x00000000eb664050,0x00000000ec000000)
  to   space 27136K, 0% used [0x00000000e8b00000,0x00000000e8b00000,0x00000000ea580000)
 ParOldGen       total 161792K, used 43071K [0x00000000a0000000, 0x00000000a9e00000, 0x00000000e0000000)
  object space 161792K, 26% used [0x00000000a0000000,0x00000000a2a0ff28,0x00000000a9e00000)
 Metaspace       used 59437K, capacity 61926K, committed 61952K, reserved 1103872K
  class space    used 7923K, capacity 8440K, committed 8448K, reserved 1048576K
}
Event: 782.885 GC heap before
{Heap before GC invocations=20 (full 3):
 PSYoungGen      total 159232K, used 149392K [0x00000000e0000000, 0x00000000ec000000, 0x0000000100000000)
  eden space 142336K, 100% used [0x00000000e0000000,0x00000000e8b00000,0x00000000e8b00000)
  from space 16896K, 41% used [0x00000000eaf80000,0x00000000eb664050,0x00000000ec000000)
  to   space 27136K, 0% used [0x00000000e8b00000,0x00000000e8b00000,0x00000000ea580000)
 ParOldGen       total 161792K, used 43071K [0x00000000a0000000, 0x00000000a9e00000, 0x00000000e0000000)
  object space 161792K, 26% used [0x00000000a0000000,0x00000000a2a0ff28,0x00000000a9e00000)
 Metaspace       used 60700K, capacity 63294K, committed 63488K, reserved 1103872K
  class space    used 8038K, capacity 8592K, committed 8704K, reserved 1048576K
Event: 782.893 GC heap after
Heap after GC invocations=20 (full 3):
 PSYoungGen      total 169472K, used 10353K [0x00000000e0000000, 0x00000000ecf00000, 0x0000000100000000)
  eden space 142336K, 0% used [0x00000000e0000000,0x00000000e0000000,0x00000000e8b00000)
  from space 27136K, 38% used [0x00000000e8b00000,0x00000000e951c7b8,0x00000000ea580000)
  to   space 26112K, 0% used [0x00000000eb580000,0x00000000eb580000,0x00000000ecf00000)
 ParOldGen       total 161792K, used 43079K [0x00000000a0000000, 0x00000000a9e00000, 0x00000000e0000000)
  object space 161792K, 26% used [0x00000000a0000000,0x00000000a2a11f28,0x00000000a9e00000)
 Metaspace       used 60700K, capacity 63294K, committed 63488K, reserved 1103872K
  class space    used 8038K, capacity 8592K, committed 8704K, reserved 1048576K
}
Event: 874.722 GC heap before
{Heap before GC invocations=21 (full 3):
 PSYoungGen      total 169472K, used 152689K [0x00000000e0000000, 0x00000000ecf00000, 0x0000000100000000)
  eden space 142336K, 100% used [0x00000000e0000000,0x00000000e8b00000,0x00000000e8b00000)
  from space 27136K, 38% used [0x00000000e8b00000,0x00000000e951c7b8,0x00000000ea580000)
  to   space 26112K, 0% used [0x00000000eb580000,0x00000000eb580000,0x00000000ecf00000)
 ParOldGen       total 161792K, used 43079K [0x00000000a0000000, 0x00000000a9e00000, 0x00000000e0000000)
  object space 161792K, 26% used [0x00000000a0000000,0x00000000a2a11f28,0x00000000a9e00000)
 Metaspace       used 61025K, capacity 63820K, committed 64000K, reserved 1103872K
  class space    used 8055K, capacity 8617K, committed 8704K, reserved 1048576K
Event: 874.732 GC heap after
Heap after GC invocations=21 (full 3):
 PSYoungGen      total 149504K, used 10592K [0x00000000e0000000, 0x00000000ec000000, 0x0000000100000000)
  eden space 138752K, 0% used [0x00000000e0000000,0x00000000e0000000,0x00000000e8780000)
  from space 10752K, 98% used [0x00000000eb580000,0x00000000ebfd8020,0x00000000ec000000)
  to   space 25088K, 0% used [0x00000000e8f00000,0x00000000e8f00000,0x00000000ea780000)
 ParOldGen       total 161792K, used 43087K [0x00000000a0000000, 0x00000000a9e00000, 0x00000000e0000000)
  object space 161792K, 26% used [0x00000000a0000000,0x00000000a2a13f28,0x00000000a9e00000)
 Metaspace       used 61025K, capacity 63820K, committed 64000K, reserved 1103872K
  class space    used 8055K, capacity 8617K, committed 8704K, reserved 1048576K
}

