# JRE version: OpenJDK Runtime Environment (8.0_112-b06) (build 1.8.0_112-release-b06)
# Java VM: OpenJDK 64-Bit Server VM (25.112-b06 mixed mode windows-amd64 compressed oops)
Heap:
 PSYoungGen      total 109056K, used 48095K [0x00000000e0000000, 0x00000000e8300000, 0x0000000100000000)
  eden space 84992K, 28% used [0x00000000e0000000,0x00000000e17fb398,0x00000000e5300000)
  from space 24064K, 97% used [0x00000000e5300000,0x00000000e69fcb90,0x00000000e6a80000)
  to   space 20480K, 0% used [0x00000000e6a80000,0x00000000e6a80000,0x00000000e7e80000)
 ParOldGen       total 109056K, used 85778K [0x00000000a0000000, 0x00000000a6a80000, 0x00000000e0000000)
  object space 109056K, 78% used [0x00000000a0000000,0x00000000a53c4a00,0x00000000a6a80000)
 Metaspace       used 60601K, capacity 62312K, committed 62616K, reserved 1103872K
  class space    used 7912K, capacity 8285K, committed 8344K, reserved 1048576K
GC Heap History (10 events):
Event: 30.872 GC heap before
{Heap before GC invocations=16 (full 2):
 PSYoungGen      total 82944K, used 82915K [0x00000000e0000000, 0x00000000e7e80000, 0x0000000100000000)
  eden space 71680K, 100% used [0x00000000e0000000,0x00000000e4600000,0x00000000e4600000)
  from space 11264K, 99% used [0x00000000e4600000,0x00000000e50f8c70,0x00000000e5100000)
  to   space 20480K, 0% used [0x00000000e6a80000,0x00000000e6a80000,0x00000000e7e80000)
 ParOldGen       total 109056K, used 34521K [0x00000000a0000000, 0x00000000a6a80000, 0x00000000e0000000)
  object space 109056K, 31% used [0x00000000a0000000,0x00000000a21b6508,0x00000000a6a80000)
 Metaspace       used 55479K, capacity 57084K, committed 57216K, reserved 1099776K
  class space    used 7456K, capacity 7791K, committed 7808K, reserved 1048576K
Event: 30.885 GC heap after
Heap after GC invocations=16 (full 2):
 PSYoungGen      total 105472K, used 20472K [0x00000000e0000000, 0x00000000e8300000, 0x0000000100000000)
  eden space 84992K, 0% used [0x00000000e0000000,0x00000000e0000000,0x00000000e5300000)
  from space 20480K, 99% used [0x00000000e6a80000,0x00000000e7e7e398,0x00000000e7e80000)
  to   space 24064K, 0% used [0x00000000e5300000,0x00000000e5300000,0x00000000e6a80000)
 ParOldGen       total 109056K, used 35443K [0x00000000a0000000, 0x00000000a6a80000, 0x00000000e0000000)
  object space 109056K, 32% used [0x00000000a0000000,0x00000000a229cd18,0x00000000a6a80000)
 Metaspace       used 55479K, capacity 57084K, committed 57216K, reserved 1099776K
  class space    used 7456K, capacity 7791K, committed 7808K, reserved 1048576K
}
Event: 32.664 GC heap before
{Heap before GC invocations=17 (full 2):
 PSYoungGen      total 105472K, used 89213K [0x00000000e0000000, 0x00000000e8300000, 0x0000000100000000)
  eden space 84992K, 80% used [0x00000000e0000000,0x00000000e4321198,0x00000000e5300000)
  from space 20480K, 99% used [0x00000000e6a80000,0x00000000e7e7e398,0x00000000e7e80000)
  to   space 24064K, 0% used [0x00000000e5300000,0x00000000e5300000,0x00000000e6a80000)
 ParOldGen       total 109056K, used 35443K [0x00000000a0000000, 0x00000000a6a80000, 0x00000000e0000000)
  object space 109056K, 32% used [0x00000000a0000000,0x00000000a229cd18,0x00000000a6a80000)
 Metaspace       used 57256K, capacity 58992K, committed 59160K, reserved 1099776K
  class space    used 7603K, capacity 7949K, committed 7960K, reserved 1048576K
Event: 32.697 GC heap after
Heap after GC invocations=17 (full 2):
 PSYoungGen      total 109056K, used 24041K [0x00000000e0000000, 0x00000000e8300000, 0x0000000100000000)
  eden space 84992K, 0% used [0x00000000e0000000,0x00000000e0000000,0x00000000e5300000)
  from space 24064K, 99% used [0x00000000e5300000,0x00000000e6a7a498,0x00000000e6a80000)
  to   space 20480K, 0% used [0x00000000e6a80000,0x00000000e6a80000,0x00000000e7e80000)
 ParOldGen       total 109056K, used 38875K [0x00000000a0000000, 0x00000000a6a80000, 0x00000000e0000000)
  object space 109056K, 35% used [0x00000000a0000000,0x00000000a25f6c58,0x00000000a6a80000)
 Metaspace       used 57256K, capacity 58992K, committed 59160K, reserved 1099776K
  class space    used 7603K, capacity 7949K, committed 7960K, reserved 1048576K
}
Event: 32.697 GC heap before
{Heap before GC invocations=18 (full 3):
 PSYoungGen      total 109056K, used 24041K [0x00000000e0000000, 0x00000000e8300000, 0x0000000100000000)
  eden space 84992K, 0% used [0x00000000e0000000,0x00000000e0000000,0x00000000e5300000)
  from space 24064K, 99% used [0x00000000e5300000,0x00000000e6a7a498,0x00000000e6a80000)
  to   space 20480K, 0% used [0x00000000e6a80000,0x00000000e6a80000,0x00000000e7e80000)
 ParOldGen       total 109056K, used 38875K [0x00000000a0000000, 0x00000000a6a80000, 0x00000000e0000000)
  object space 109056K, 35% used [0x00000000a0000000,0x00000000a25f6c58,0x00000000a6a80000)
 Metaspace       used 57256K, capacity 58992K, committed 59160K, reserved 1099776K
  class space    used 7603K, capacity 7949K, committed 7960K, reserved 1048576K
Event: 32.953 GC heap after
Heap after GC invocations=18 (full 3):
 PSYoungGen      total 109056K, used 0K [0x00000000e0000000, 0x00000000e8300000, 0x0000000100000000)
  eden space 84992K, 0% used [0x00000000e0000000,0x00000000e0000000,0x00000000e5300000)
  from space 24064K, 0% used [0x00000000e5300000,0x00000000e5300000,0x00000000e6a80000)
  to   space 20480K, 0% used [0x00000000e6a80000,0x00000000e6a80000,0x00000000e7e80000)
 ParOldGen       total 109056K, used 37514K [0x00000000a0000000, 0x00000000a6a80000, 0x00000000e0000000)
  object space 109056K, 34% used [0x00000000a0000000,0x00000000a24a2910,0x00000000a6a80000)
 Metaspace       used 57222K, capacity 58878K, committed 59160K, reserved 1099776K
  class space    used 7593K, capacity 7930K, committed 7960K, reserved 1048576K
}
Event: 33.911 GC heap before
{Heap before GC invocations=19 (full 3):
 PSYoungGen      total 109056K, used 84992K [0x00000000e0000000, 0x00000000e8300000, 0x0000000100000000)
  eden space 84992K, 100% used [0x00000000e0000000,0x00000000e5300000,0x00000000e5300000)
  from space 24064K, 0% used [0x00000000e5300000,0x00000000e5300000,0x00000000e6a80000)
  to   space 20480K, 0% used [0x00000000e6a80000,0x00000000e6a80000,0x00000000e7e80000)
 ParOldGen       total 109056K, used 37514K [0x00000000a0000000, 0x00000000a6a80000, 0x00000000e0000000)
  object space 109056K, 34% used [0x00000000a0000000,0x00000000a24a2910,0x00000000a6a80000)
 Metaspace       used 60176K, capacity 61864K, committed 62104K, reserved 1103872K
  class space    used 7869K, capacity 8221K, committed 8344K, reserved 1048576K
Event: 33.919 GC heap after
Heap after GC invocations=19 (full 3):
 PSYoungGen      total 105472K, used 20452K [0x00000000e0000000, 0x00000000e8300000, 0x0000000100000000)
  eden space 84992K, 0% used [0x00000000e0000000,0x00000000e0000000,0x00000000e5300000)
  from space 20480K, 99% used [0x00000000e6a80000,0x00000000e7e79330,0x00000000e7e80000)
  to   space 24064K, 0% used [0x00000000e5300000,0x00000000e5300000,0x00000000e6a80000)
 ParOldGen       total 109056K, used 54741K [0x00000000a0000000, 0x00000000a6a80000, 0x00000000e0000000)
  object space 109056K, 50% used [0x00000000a0000000,0x00000000a35755a0,0x00000000a6a80000)
 Metaspace       used 60176K, capacity 61864K, committed 62104K, reserved 1103872K
  class space    used 7869K, capacity 8221K, committed 8344K, reserved 1048576K
}
Event: 34.243 GC heap before
{Heap before GC invocations=20 (full 3):
 PSYoungGen      total 105472K, used 105444K [0x00000000e0000000, 0x00000000e8300000, 0x0000000100000000)
  eden space 84992K, 100% used [0x00000000e0000000,0x00000000e5300000,0x00000000e5300000)
  from space 20480K, 99% used [0x00000000e6a80000,0x00000000e7e79330,0x00000000e7e80000)
  to   space 24064K, 0% used [0x00000000e5300000,0x00000000e5300000,0x00000000e6a80000)
 ParOldGen       total 109056K, used 54741K [0x00000000a0000000, 0x00000000a6a80000, 0x00000000e0000000)
  object space 109056K, 50% used [0x00000000a0000000,0x00000000a35755a0,0x00000000a6a80000)
 Metaspace       used 60591K, capacity 62248K, committed 62616K, reserved 1103872K
  class space    used 7912K, capacity 8285K, committed 8344K, reserved 1048576K
Event: 34.256 GC heap after
Heap after GC invocations=20 (full 3):
 PSYoungGen      total 109056K, used 23538K [0x00000000e0000000, 0x00000000e8300000, 0x0000000100000000)
  eden space 84992K, 0% used [0x00000000e0000000,0x00000000e0000000,0x00000000e5300000)
  from space 24064K, 97% used [0x00000000e5300000,0x00000000e69fcb90,0x00000000e6a80000)
  to   space 20480K, 0% used [0x00000000e6a80000,0x00000000e6a80000,0x00000000e7e80000)
 ParOldGen       total 109056K, used 85778K [0x00000000a0000000, 0x00000000a6a80000, 0x00000000e0000000)
  object space 109056K, 78% used [0x00000000a0000000,0x00000000a53c4a00,0x00000000a6a80000)
 Metaspace       used 60591K, capacity 62248K, committed 62616K, reserved 1103872K
  class space    used 7912K, capacity 8285K, committed 8344K, reserved 1048576K
}

